2025-09-11 14:10:48,489 - Demo - INFO - 🎨 ChromaThink Bootstrap Demo
2025-09-11 14:10:48,489 - Demo - INFO - ========================================
2025-09-11 14:10:48,489 - Main - WARNING - Apertus path models/apertus not found. Using mock model.
2025-09-11 14:10:48,489 - Main - INFO - Initialising ChromaThink...
2025-09-11 14:10:48,489 - Main - ERROR - Bootstrap failed with error: DevelopmentalLearningMinimal.__init__() got an unexpected keyword argument 'memory_capacity'
2025-09-11 14:10:48,489 - Demo - ERROR - ❌ Bootstrap Demo Failed
2025-09-11 14:11:09,686 - Demo - INFO - 🎨 ChromaThink Bootstrap Demo
2025-09-11 14:11:09,686 - Demo - INFO - ========================================
2025-09-11 14:11:09,686 - Main - WARNING - Apertus path models/apertus not found. Using mock model.
2025-09-11 14:11:09,686 - Main - INFO - Initialising ChromaThink...
2025-09-11 14:11:09,789 - Main - INFO - Loading Apertus and analysing weights...
2025-09-11 14:11:09,789 - ChromaThink.Bootstrap - WARNING - Using mock Apertus model due to missing dependencies or use_mock=True
2025-09-11 14:11:09,789 - ChromaThink.Bootstrap - INFO - Creating mock Apertus model...
2025-09-11 14:11:09,904 - ChromaThink.Bootstrap - INFO - Mock Apertus model created successfully
2025-09-11 14:11:09,904 - ChromaThink.Bootstrap - INFO - Analysing Apertus weight patterns...
2025-09-11 14:11:10,096 - ChromaThink.Bootstrap - INFO - Extracted colour patterns from 32000 token embeddings
2025-09-11 14:11:22,816 - ChromaThink.Bootstrap - INFO - Analysis complete: 32000 tokens, 24 attention patterns, 12 transformation patterns
2025-09-11 14:11:22,816 - Main - INFO - 
==================================================
2025-09-11 14:11:22,816 - Main - INFO - PRE-BOOTSTRAP ANALYSIS
2025-09-11 14:11:22,816 - Main - INFO - ==================================================
2025-09-11 14:11:22,816 - ChromaThink.Questions - INFO - ==================================================
2025-09-11 14:11:22,816 - ChromaThink.Questions - INFO - TRACING QUESTION FORMATION
2025-09-11 14:11:22,816 - ChromaThink.Questions - INFO - ==================================================
2025-09-11 14:11:22,824 - ChromaThink.Questions - INFO - Generated random wonder state
2025-09-11 14:11:22,824 - ChromaThink.Questions - INFO - 
Initial colour state:
2025-09-11 14:11:22,824 - ChromaThink.Questions - INFO -   Shape: (1, 128)
2025-09-11 14:11:22,824 - ChromaThink.Questions - INFO -   Dominant frequencies: [ 99 100  98  75  53]
2025-09-11 14:11:22,824 - ChromaThink.Questions - INFO -   Amplitude range: [0.0115, 1.8297]
2025-09-11 14:11:22,824 - ChromaThink.Questions - INFO -   Phase distribution: mean=1.6935, std=1.5660
2025-09-11 14:11:22,824 - ChromaThink.Questions - INFO -   Spectral entropy: 4.5107
2025-09-11 14:11:22,824 - ChromaThink.Questions - INFO -   Magnitude: 8.6668
2025-09-11 14:11:22,878 - ChromaThink.Questions - INFO - 
Question colour pattern:
2025-09-11 14:11:22,878 - ChromaThink.Questions - INFO -   Shape: (1, 1, 128)
2025-09-11 14:11:22,879 - ChromaThink.Questions - INFO -   Dominant frequencies: [ 52   1  98  99 102]
2025-09-11 14:11:22,879 - ChromaThink.Questions - INFO -   Amplitude range: [0.0162, 2.0410]
2025-09-11 14:11:22,879 - ChromaThink.Questions - INFO -   Phase distribution: mean=-0.1033, std=1.5645
2025-09-11 14:11:22,879 - ChromaThink.Questions - INFO -   Spectral entropy: 4.6169
2025-09-11 14:11:22,879 - ChromaThink.Questions - INFO -   Magnitude: 9.5470
2025-09-11 14:11:22,879 - ChromaThink.Questions - INFO - Detected question type: how
2025-09-11 14:11:22,880 - ChromaThink.Questions - INFO - Direct rendering: How can I learn more about this?
2025-09-11 14:11:22,880 - ChromaThink.Questions - INFO - 
Analysing colour-to-word mapping:
2025-09-11 14:11:22,880 - ChromaThink.Questions - WARNING - Model doesn't have language_renderer
2025-09-11 14:11:22,880 - Main - INFO - 
==================================================
2025-09-11 14:11:22,880 - Main - INFO - BOOTSTRAPPING FROM APERTUS
2025-09-11 14:11:22,880 - Main - INFO - ==================================================
2025-09-11 14:11:22,880 - ChromaThink.Bootstrap - INFO - Beginning ChromaThink bootstrap from Apertus...
2025-09-11 14:11:22,880 - ChromaThink.Bootstrap - INFO - Transferring 32000 token colours...
2025-09-11 14:11:22,880 - ChromaThink.Bootstrap - WARNING - ChromaThink doesn't have language_renderer, creating mock
2025-09-11 14:11:22,881 - ChromaThink.Bootstrap - INFO - Created mock language renderer
2025-09-11 14:11:22,901 - ChromaThink.Bootstrap - INFO - Vocabulary colours transferred successfully: 1000 tokens
2025-09-11 14:11:22,902 - ChromaThink.Bootstrap - INFO - Transferring 24 attention patterns...
2025-09-11 14:11:22,910 - ChromaThink.Bootstrap - INFO - Successfully transferred attention patterns to 0 layers
2025-09-11 14:11:22,910 - ChromaThink.Bootstrap - INFO - Transferring 12 transformation patterns...
2025-09-11 14:11:22,910 - ChromaThink.Bootstrap - INFO - Creating seed memories from Apertus patterns...
2025-09-11 14:11:22,910 - ChromaThink.Bootstrap - INFO - Created 0 seed memories
2025-09-11 14:11:22,910 - ChromaThink.Bootstrap - INFO - 
Testing bootstrapped ChromaThink...
2025-09-11 14:11:22,910 - ChromaThink.Questions - INFO - ==================================================
2025-09-11 14:11:22,910 - ChromaThink.Questions - INFO - TRACING QUESTION FORMATION
2025-09-11 14:11:22,910 - ChromaThink.Questions - INFO - ==================================================
2025-09-11 14:11:22,912 - ChromaThink.Questions - INFO - Generated random wonder state
2025-09-11 14:11:22,913 - ChromaThink.Questions - INFO - 
Initial colour state:
2025-09-11 14:11:22,913 - ChromaThink.Questions - INFO -   Shape: (1, 128)
2025-09-11 14:11:22,913 - ChromaThink.Questions - INFO -   Dominant frequencies: [79 45 46 80 78]
2025-09-11 14:11:22,913 - ChromaThink.Questions - INFO -   Amplitude range: [0.0015, 1.7154]
2025-09-11 14:11:22,913 - ChromaThink.Questions - INFO -   Phase distribution: mean=1.3254, std=1.5515
2025-09-11 14:11:22,913 - ChromaThink.Questions - INFO -   Spectral entropy: 4.5927
2025-09-11 14:11:22,913 - ChromaThink.Questions - INFO -   Magnitude: 8.5349
2025-09-11 14:11:22,918 - ChromaThink.Questions - INFO - 
Question colour pattern:
2025-09-11 14:11:22,918 - ChromaThink.Questions - INFO -   Shape: (1, 1, 128)
2025-09-11 14:11:22,918 - ChromaThink.Questions - INFO -   Dominant frequencies: [78 45 80 47 46]
2025-09-11 14:11:22,918 - ChromaThink.Questions - INFO -   Amplitude range: [0.0110, 1.8138]
2025-09-11 14:11:22,918 - ChromaThink.Questions - INFO -   Phase distribution: mean=0.1103, std=1.6831
2025-09-11 14:11:22,918 - ChromaThink.Questions - INFO -   Spectral entropy: 4.6512
2025-09-11 14:11:22,918 - ChromaThink.Questions - INFO -   Magnitude: 9.0868
2025-09-11 14:11:22,918 - ChromaThink.Questions - INFO - Detected question type: where
2025-09-11 14:11:22,919 - ChromaThink.Questions - INFO - Direct rendering: What does this feeling represent?
2025-09-11 14:11:22,919 - ChromaThink.Questions - INFO - 
Analysing colour-to-word mapping:
2025-09-11 14:11:22,919 - ChromaThink.Questions - INFO -   Word: 'word_475', Prob: 0.9994, Resonance: 1.9500
2025-09-11 14:11:22,920 - ChromaThink.Questions - INFO -   Word: 'word_647', Prob: 0.9986, Resonance: 6.9384
2025-09-11 14:11:22,920 - ChromaThink.Questions - INFO -   Word: 'word_423', Prob: 0.9960, Resonance: 1.6836
2025-09-11 14:11:22,920 - ChromaThink.Questions - INFO -   Word: 'word_463', Prob: 0.9945, Resonance: 4.2182
2025-09-11 14:11:22,921 - ChromaThink.Questions - INFO -   Word: 'word_375', Prob: 0.9940, Resonance: 2.4008
2025-09-11 14:11:22,921 - ChromaThink.Questions - INFO -   Word: 'word_524', Prob: 0.9895, Resonance: 6.6196
2025-09-11 14:11:22,921 - ChromaThink.Questions - INFO -   Word: 'word_782', Prob: 0.9892, Resonance: 4.1482
2025-09-11 14:11:22,921 - ChromaThink.Questions - INFO -   Word: 'word_931', Prob: 0.9890, Resonance: 3.5550
2025-09-11 14:11:22,921 - ChromaThink.Questions - INFO -   Word: 'word_918', Prob: 0.9887, Resonance: 3.6859
2025-09-11 14:11:22,921 - ChromaThink.Questions - INFO -   Word: 'word_552', Prob: 0.9886, Resonance: 0.2391
2025-09-11 14:11:22,923 - ChromaThink.Bootstrap - WARNING - Memory recall failed: 'ChromaticMemory' object has no attribute 'recall'
2025-09-11 14:11:22,923 - ChromaThink.Bootstrap - INFO - Bootstrap complete!
2025-09-11 14:11:22,923 - Main - INFO - 
Bootstrap Results:
2025-09-11 14:11:22,923 - Main - INFO -   vocabulary_transfer: success
2025-09-11 14:11:22,923 - Main - INFO -   attention_transfer: success
2025-09-11 14:11:22,923 - Main - INFO -   transformation_transfer: success
2025-09-11 14:11:22,924 - Main - INFO -   memory_creation: success
2025-09-11 14:11:22,924 - Main - INFO -   bootstrap_test: {'question_formation': {'status': 'success', 'question_type': 'where', 'has_rendering': True}, 'memory_recall': {'status': 'error', 'error': "'ChromaticMemory' object has no attribute 'recall'"}, 'thought_evolution': {'status': 'skipped', 'reason': 'no_think_method'}, 'overall_status': 'success'}
2025-09-11 14:11:22,924 - Main - INFO -   success: True
2025-09-11 14:11:22,924 - Main - INFO - 
==================================================
2025-09-11 14:11:22,924 - Main - INFO - POST-BOOTSTRAP ANALYSIS
2025-09-11 14:11:22,924 - Main - INFO - ==================================================
2025-09-11 14:11:22,924 - ChromaThink.Questions - INFO - ==================================================
2025-09-11 14:11:22,924 - ChromaThink.Questions - INFO - TRACING QUESTION FORMATION
2025-09-11 14:11:22,924 - ChromaThink.Questions - INFO - ==================================================
2025-09-11 14:11:22,925 - ChromaThink.Questions - INFO - Generated random wonder state
2025-09-11 14:11:22,925 - ChromaThink.Questions - INFO - 
Initial colour state:
2025-09-11 14:11:22,925 - ChromaThink.Questions - INFO -   Shape: (1, 128)
2025-09-11 14:11:22,926 - ChromaThink.Questions - INFO -   Dominant frequencies: [ 42  43  41  44 116]
2025-09-11 14:11:22,926 - ChromaThink.Questions - INFO -   Amplitude range: [0.0240, 1.6245]
2025-09-11 14:11:22,926 - ChromaThink.Questions - INFO -   Phase distribution: mean=1.6690, std=1.5677
2025-09-11 14:11:22,926 - ChromaThink.Questions - INFO -   Spectral entropy: 4.6323
2025-09-11 14:11:22,926 - ChromaThink.Questions - INFO -   Magnitude: 8.7286
2025-09-11 14:11:22,930 - ChromaThink.Questions - INFO - 
Question colour pattern:
2025-09-11 14:11:22,930 - ChromaThink.Questions - INFO -   Shape: (1, 1, 128)
2025-09-11 14:11:22,930 - ChromaThink.Questions - INFO -   Dominant frequencies: [ 43  42  41 118  28]
2025-09-11 14:11:22,931 - ChromaThink.Questions - INFO -   Amplitude range: [0.0226, 1.6206]
2025-09-11 14:11:22,931 - ChromaThink.Questions - INFO -   Phase distribution: mean=0.0806, std=1.7478
2025-09-11 14:11:22,931 - ChromaThink.Questions - INFO -   Spectral entropy: 4.6873
2025-09-11 14:11:22,931 - ChromaThink.Questions - INFO -   Magnitude: 9.3813
2025-09-11 14:11:22,931 - ChromaThink.Questions - INFO - Detected question type: why
2025-09-11 14:11:22,931 - ChromaThink.Questions - INFO - Direct rendering: Why does this seem important?
2025-09-11 14:11:22,931 - ChromaThink.Questions - INFO - 
Analysing colour-to-word mapping:
2025-09-11 14:11:22,931 - ChromaThink.Questions - INFO -   Word: 'word_935', Prob: 0.9968, Resonance: 3.6227
2025-09-11 14:11:22,931 - ChromaThink.Questions - INFO -   Word: 'word_100', Prob: 0.9951, Resonance: 5.4104
2025-09-11 14:11:22,932 - ChromaThink.Questions - INFO -   Word: 'word_499', Prob: 0.9947, Resonance: 6.8368
2025-09-11 14:11:22,932 - ChromaThink.Questions - INFO -   Word: 'word_212', Prob: 0.9941, Resonance: 3.5790
2025-09-11 14:11:22,932 - ChromaThink.Questions - INFO -   Word: 'word_772', Prob: 0.9939, Resonance: 4.1457
2025-09-11 14:11:22,932 - ChromaThink.Questions - INFO -   Word: 'word_800', Prob: 0.9895, Resonance: 7.9666
2025-09-11 14:11:22,932 - ChromaThink.Questions - INFO -   Word: 'word_331', Prob: 0.9890, Resonance: 6.1680
2025-09-11 14:11:22,933 - ChromaThink.Questions - INFO -   Word: 'word_309', Prob: 0.9887, Resonance: 6.0330
2025-09-11 14:11:22,933 - ChromaThink.Questions - INFO -   Word: 'word_549', Prob: 0.9887, Resonance: 1.9218
2025-09-11 14:11:22,933 - ChromaThink.Questions - INFO -   Word: 'word_609', Prob: 0.9885, Resonance: 3.4295
2025-09-11 14:11:22,933 - Main - INFO - 
==================================================
2025-09-11 14:11:22,933 - Main - INFO - BOOTSTRAP COMPARISON
2025-09-11 14:11:22,933 - Main - INFO - ==================================================
2025-09-11 14:11:22,933 - Main - INFO - Pre-bootstrap question:
2025-09-11 14:11:22,933 - Main - INFO -   Type: how
2025-09-11 14:11:22,933 - Main - INFO -   direct: How can I learn more about this?...
2025-09-11 14:11:22,933 - Main - INFO - 
Post-bootstrap question:
2025-09-11 14:11:22,933 - Main - INFO -   Type: why
2025-09-11 14:11:22,933 - Main - INFO -   direct: Why does this seem important?...
2025-09-11 14:11:22,933 - Main - INFO - 
==================================================
2025-09-11 14:11:22,933 - Main - INFO - TESTING LEARNING CAPABILITY
2025-09-11 14:11:22,933 - Main - INFO - ==================================================
2025-09-11 14:11:23,458 - Main - INFO - Successfully completed learning session with 3 exchanges
2025-09-11 14:11:23,458 - Main - ERROR - Learning session failed: 'DevelopmentalLearningMinimal' object has no attribute 'get_development_metrics'
2025-09-11 14:11:23,458 - Main - WARNING - Could not save model: 'DevelopmentalLearningMinimal' object has no attribute 'save_development_state'
2025-09-11 14:11:23,465 - Demo - INFO - 
✅ Bootstrap Demo Completed Successfully!
2025-09-11 14:11:23,465 - Demo - INFO - 
🧠 Testing Bootstrapped ChromaThink:
2025-09-11 14:11:23,466 - Demo - INFO - Generated wonder state with magnitude: 1.8641
2025-09-11 14:11:23,471 - Demo - INFO - Formulated question of type: what
2025-09-11 14:11:23,471 - Demo - INFO - Memory system contains: 3 episodic memories
2025-09-11 14:18:36,023 - Demo - INFO - 🎨 ChromaThink Bootstrap Demo
2025-09-11 14:18:36,023 - Demo - INFO - ========================================
2025-09-11 14:18:36,023 - Main - INFO - Found Apertus path: /home/edward/.cache/huggingface/hub/models--swiss-ai--Apertus-8B-Instruct-2509/snapshots/a76c9e6701dafe8dd9b173cee09bc93f2eba3bfc
2025-09-11 14:18:36,023 - Main - INFO - Found 4 safetensor files - using real Apertus model
2025-09-11 14:18:36,023 - Main - INFO - Initialising ChromaThink...
2025-09-11 14:18:36,118 - Main - INFO - Loading Apertus and analysing weights...
2025-09-11 14:18:36,118 - ChromaThink.Bootstrap - INFO - Loading Apertus from safetensors files...
2025-09-11 14:18:36,118 - ChromaThink.Bootstrap - INFO - Found: /home/edward/.cache/huggingface/hub/models--swiss-ai--Apertus-8B-Instruct-2509/snapshots/a76c9e6701dafe8dd9b173cee09bc93f2eba3bfc/model-00001-of-00004.safetensors
2025-09-11 14:18:36,118 - ChromaThink.Bootstrap - INFO - Found: /home/edward/.cache/huggingface/hub/models--swiss-ai--Apertus-8B-Instruct-2509/snapshots/a76c9e6701dafe8dd9b173cee09bc93f2eba3bfc/model-00002-of-00004.safetensors
2025-09-11 14:18:36,118 - ChromaThink.Bootstrap - INFO - Found: /home/edward/.cache/huggingface/hub/models--swiss-ai--Apertus-8B-Instruct-2509/snapshots/a76c9e6701dafe8dd9b173cee09bc93f2eba3bfc/model-00003-of-00004.safetensors
2025-09-11 14:18:36,118 - ChromaThink.Bootstrap - INFO - Found: /home/edward/.cache/huggingface/hub/models--swiss-ai--Apertus-8B-Instruct-2509/snapshots/a76c9e6701dafe8dd9b173cee09bc93f2eba3bfc/model-00004-of-00004.safetensors
2025-09-11 14:18:37,104 - ChromaThink.Bootstrap - INFO - Loaded tokenizer
2025-09-11 14:18:37,871 - ChromaThink.Bootstrap - INFO - Loaded Apertus model with 8053338176 parameters
2025-09-11 14:18:37,871 - ChromaThink.Bootstrap - INFO - Analysing Apertus weight patterns...
2025-09-11 14:18:39,725 - ChromaThink.Bootstrap - INFO - Extracted colour patterns from 131072 token embeddings
2025-09-11 14:18:39,725 - Main - ERROR - Bootstrap failed with error: array type float16 is unsupported in linalg
2025-09-11 14:18:40,895 - Demo - ERROR - ❌ Bootstrap Demo Failed
2025-09-11 14:19:06,346 - Demo - INFO - 🎨 ChromaThink Bootstrap Demo
2025-09-11 14:19:06,346 - Demo - INFO - ========================================
2025-09-11 14:19:06,347 - Main - INFO - Found Apertus path: /home/edward/.cache/huggingface/hub/models--swiss-ai--Apertus-8B-Instruct-2509/snapshots/a76c9e6701dafe8dd9b173cee09bc93f2eba3bfc
2025-09-11 14:19:06,347 - Main - INFO - Found 4 safetensor files - using real Apertus model
2025-09-11 14:19:06,347 - Main - INFO - Initialising ChromaThink...
2025-09-11 14:19:06,444 - Main - INFO - Loading Apertus and analysing weights...
2025-09-11 14:19:06,444 - ChromaThink.Bootstrap - INFO - Loading Apertus from safetensors files...
2025-09-11 14:19:06,444 - ChromaThink.Bootstrap - INFO - Found: /home/edward/.cache/huggingface/hub/models--swiss-ai--Apertus-8B-Instruct-2509/snapshots/a76c9e6701dafe8dd9b173cee09bc93f2eba3bfc/model-00001-of-00004.safetensors
2025-09-11 14:19:06,444 - ChromaThink.Bootstrap - INFO - Found: /home/edward/.cache/huggingface/hub/models--swiss-ai--Apertus-8B-Instruct-2509/snapshots/a76c9e6701dafe8dd9b173cee09bc93f2eba3bfc/model-00002-of-00004.safetensors
2025-09-11 14:19:06,445 - ChromaThink.Bootstrap - INFO - Found: /home/edward/.cache/huggingface/hub/models--swiss-ai--Apertus-8B-Instruct-2509/snapshots/a76c9e6701dafe8dd9b173cee09bc93f2eba3bfc/model-00003-of-00004.safetensors
2025-09-11 14:19:06,445 - ChromaThink.Bootstrap - INFO - Found: /home/edward/.cache/huggingface/hub/models--swiss-ai--Apertus-8B-Instruct-2509/snapshots/a76c9e6701dafe8dd9b173cee09bc93f2eba3bfc/model-00004-of-00004.safetensors
2025-09-11 14:19:07,011 - ChromaThink.Bootstrap - INFO - Loaded tokenizer
2025-09-11 14:19:07,827 - ChromaThink.Bootstrap - INFO - Loaded Apertus model with 8053338176 parameters
2025-09-11 14:19:07,827 - ChromaThink.Bootstrap - INFO - Analysing Apertus weight patterns...
2025-09-11 14:19:09,943 - ChromaThink.Bootstrap - INFO - Extracted colour patterns from 131072 token embeddings
2025-09-11 14:24:37,098 - Demo - INFO - 🎨 ChromaThink Bootstrap Demo
2025-09-11 14:24:37,098 - Demo - INFO - ========================================
2025-09-11 14:24:37,099 - Main - INFO - Found Apertus path: /home/edward/.cache/huggingface/hub/models--swiss-ai--Apertus-8B-Instruct-2509/snapshots/a76c9e6701dafe8dd9b173cee09bc93f2eba3bfc
2025-09-11 14:24:37,099 - Main - INFO - Found 4 safetensor files - using real Apertus model
2025-09-11 14:24:37,099 - Main - INFO - Initialising ChromaThink...
2025-09-11 14:24:37,194 - Main - INFO - Loading Apertus and analysing weights...
2025-09-11 14:24:37,194 - ChromaThink.Bootstrap - INFO - Loading Apertus from safetensors files...
2025-09-11 14:24:37,194 - ChromaThink.Bootstrap - INFO - Found: /home/edward/.cache/huggingface/hub/models--swiss-ai--Apertus-8B-Instruct-2509/snapshots/a76c9e6701dafe8dd9b173cee09bc93f2eba3bfc/model-00001-of-00004.safetensors
2025-09-11 14:24:37,194 - ChromaThink.Bootstrap - INFO - Found: /home/edward/.cache/huggingface/hub/models--swiss-ai--Apertus-8B-Instruct-2509/snapshots/a76c9e6701dafe8dd9b173cee09bc93f2eba3bfc/model-00002-of-00004.safetensors
2025-09-11 14:24:37,194 - ChromaThink.Bootstrap - INFO - Found: /home/edward/.cache/huggingface/hub/models--swiss-ai--Apertus-8B-Instruct-2509/snapshots/a76c9e6701dafe8dd9b173cee09bc93f2eba3bfc/model-00003-of-00004.safetensors
2025-09-11 14:24:37,195 - ChromaThink.Bootstrap - INFO - Found: /home/edward/.cache/huggingface/hub/models--swiss-ai--Apertus-8B-Instruct-2509/snapshots/a76c9e6701dafe8dd9b173cee09bc93f2eba3bfc/model-00004-of-00004.safetensors
2025-09-11 14:24:37,801 - ChromaThink.Bootstrap - INFO - Loaded tokenizer
2025-09-11 14:24:38,639 - ChromaThink.Bootstrap - INFO - Loaded Apertus model with 8053338176 parameters
2025-09-11 14:24:38,639 - ChromaThink.Bootstrap - INFO - Analysing Apertus weight patterns...
2025-09-11 14:24:38,804 - ChromaThink.Bootstrap - INFO - Extracted colour patterns from 10000 token embeddings (subset of 131072 total)
2025-09-11 14:26:21,942 - ChromaThink.Bootstrap - INFO - Analysis complete: 10000 tokens, 12 attention patterns, 8 transformation patterns
2025-09-11 14:26:21,944 - Main - INFO - 
==================================================
2025-09-11 14:26:21,944 - Main - INFO - PRE-BOOTSTRAP ANALYSIS
2025-09-11 14:26:21,944 - Main - INFO - ==================================================
2025-09-11 14:26:21,944 - ChromaThink.Questions - INFO - ==================================================
2025-09-11 14:26:21,944 - ChromaThink.Questions - INFO - TRACING QUESTION FORMATION
2025-09-11 14:26:21,944 - ChromaThink.Questions - INFO - ==================================================
2025-09-11 14:26:21,952 - ChromaThink.Questions - INFO - Generated random wonder state
2025-09-11 14:26:21,952 - ChromaThink.Questions - INFO - 
Initial colour state:
2025-09-11 14:26:21,952 - ChromaThink.Questions - INFO -   Shape: (1, 128)
2025-09-11 14:26:21,952 - ChromaThink.Questions - INFO -   Dominant frequencies: [82 81 83 80 60]
2025-09-11 14:26:21,952 - ChromaThink.Questions - INFO -   Amplitude range: [0.0071, 1.9489]
2025-09-11 14:26:21,952 - ChromaThink.Questions - INFO -   Phase distribution: mean=1.3744, std=1.5585
2025-09-11 14:26:21,952 - ChromaThink.Questions - INFO -   Spectral entropy: 4.5655
2025-09-11 14:26:21,952 - ChromaThink.Questions - INFO -   Magnitude: 8.4940
2025-09-11 14:26:22,008 - ChromaThink.Questions - INFO - 
Question colour pattern:
2025-09-11 14:26:22,008 - ChromaThink.Questions - INFO -   Shape: (1, 1, 128)
2025-09-11 14:26:22,008 - ChromaThink.Questions - INFO -   Dominant frequencies: [82 81 83 80 61]
2025-09-11 14:26:22,008 - ChromaThink.Questions - INFO -   Amplitude range: [0.0075, 2.2517]
2025-09-11 14:26:22,008 - ChromaThink.Questions - INFO -   Phase distribution: mean=-0.2235, std=1.8723
2025-09-11 14:26:22,008 - ChromaThink.Questions - INFO -   Spectral entropy: 4.6006
2025-09-11 14:26:22,008 - ChromaThink.Questions - INFO -   Magnitude: 8.9429
2025-09-11 14:26:22,008 - ChromaThink.Questions - INFO - Detected question type: how
2025-09-11 14:26:22,009 - ChromaThink.Questions - INFO - Direct rendering: How can I understand this better?
2025-09-11 14:26:22,009 - ChromaThink.Questions - INFO - 
Analysing colour-to-word mapping:
2025-09-11 14:26:22,009 - ChromaThink.Questions - WARNING - Model doesn't have language_renderer
2025-09-11 14:26:22,009 - Main - INFO - 
==================================================
2025-09-11 14:26:22,009 - Main - INFO - BOOTSTRAPPING FROM APERTUS
2025-09-11 14:26:22,009 - Main - INFO - ==================================================
2025-09-11 14:26:22,009 - ChromaThink.Bootstrap - INFO - Beginning ChromaThink bootstrap from Apertus...
2025-09-11 14:26:22,009 - ChromaThink.Bootstrap - INFO - Transferring 10000 token colours...
2025-09-11 14:26:22,009 - ChromaThink.Bootstrap - WARNING - ChromaThink doesn't have language_renderer, creating mock
2025-09-11 14:26:22,011 - ChromaThink.Bootstrap - INFO - Created mock language renderer
2025-09-11 14:26:22,020 - ChromaThink.Bootstrap - INFO - Vocabulary colours transferred successfully: 1000 tokens
2025-09-11 14:26:22,020 - ChromaThink.Bootstrap - INFO - Transferring 12 attention patterns...
2025-09-11 14:26:22,030 - ChromaThink.Bootstrap - INFO - Successfully transferred attention patterns to 0 layers
2025-09-11 14:26:22,030 - ChromaThink.Bootstrap - INFO - Transferring 8 transformation patterns...
2025-09-11 14:26:22,030 - ChromaThink.Bootstrap - INFO - Creating seed memories from Apertus patterns...
2025-09-11 14:26:22,033 - ChromaThink.Bootstrap - INFO - Created 0 seed memories
2025-09-11 14:26:22,033 - ChromaThink.Bootstrap - INFO - 
Testing bootstrapped ChromaThink...
2025-09-11 14:26:22,033 - ChromaThink.Questions - INFO - ==================================================
2025-09-11 14:26:22,033 - ChromaThink.Questions - INFO - TRACING QUESTION FORMATION
2025-09-11 14:26:22,033 - ChromaThink.Questions - INFO - ==================================================
2025-09-11 14:26:22,035 - ChromaThink.Questions - INFO - Generated random wonder state
2025-09-11 14:26:22,035 - ChromaThink.Questions - INFO - 
Initial colour state:
2025-09-11 14:26:22,035 - ChromaThink.Questions - INFO -   Shape: (1, 128)
2025-09-11 14:26:22,035 - ChromaThink.Questions - INFO -   Dominant frequencies: [42 43 41 44 40]
2025-09-11 14:26:22,035 - ChromaThink.Questions - INFO -   Amplitude range: [0.0039, 2.2581]
2025-09-11 14:26:22,036 - ChromaThink.Questions - INFO -   Phase distribution: mean=1.3744, std=1.5585
2025-09-11 14:26:22,036 - ChromaThink.Questions - INFO -   Spectral entropy: 4.5198
2025-09-11 14:26:22,036 - ChromaThink.Questions - INFO -   Magnitude: 8.7054
2025-09-11 14:26:22,041 - ChromaThink.Questions - INFO - 
Question colour pattern:
2025-09-11 14:26:22,041 - ChromaThink.Questions - INFO -   Shape: (1, 1, 128)
2025-09-11 14:26:22,041 - ChromaThink.Questions - INFO -   Dominant frequencies: [ 43  42  44  41 116]
2025-09-11 14:26:22,041 - ChromaThink.Questions - INFO -   Amplitude range: [0.0384, 2.2217]
2025-09-11 14:26:22,041 - ChromaThink.Questions - INFO -   Phase distribution: mean=0.0314, std=1.5806
2025-09-11 14:26:22,041 - ChromaThink.Questions - INFO -   Spectral entropy: 4.5957
2025-09-11 14:26:22,042 - ChromaThink.Questions - INFO -   Magnitude: 9.2141
2025-09-11 14:26:22,042 - ChromaThink.Questions - INFO - Detected question type: how
2025-09-11 14:26:22,042 - ChromaThink.Questions - INFO - Direct rendering: How does this pattern work?
2025-09-11 14:26:22,042 - ChromaThink.Questions - INFO - 
Analysing colour-to-word mapping:
2025-09-11 14:26:22,042 - ChromaThink.Questions - INFO -   Word: 'word_696', Prob: 0.9997, Resonance: 0.0000
2025-09-11 14:26:22,043 - ChromaThink.Questions - INFO -   Word: 'word_752', Prob: 0.9990, Resonance: 0.0000
2025-09-11 14:26:22,043 - ChromaThink.Questions - INFO -   Word: 'word_930', Prob: 0.9982, Resonance: 0.0000
2025-09-11 14:26:22,043 - ChromaThink.Questions - INFO -   Word: 'word_271', Prob: 0.9979, Resonance: 0.0000
2025-09-11 14:26:22,044 - ChromaThink.Questions - INFO -   Word: 'word_413', Prob: 0.9974, Resonance: 0.0000
2025-09-11 14:26:22,044 - ChromaThink.Questions - INFO -   Word: 'word_818', Prob: 0.9969, Resonance: 0.0000
2025-09-11 14:26:22,044 - ChromaThink.Questions - INFO -   Word: 'word_509', Prob: 0.9929, Resonance: 0.0000
2025-09-11 14:26:22,044 - ChromaThink.Questions - INFO -   Word: 'word_636', Prob: 0.9893, Resonance: 0.0000
2025-09-11 14:26:22,044 - ChromaThink.Questions - INFO -   Word: 'word_548', Prob: 0.9867, Resonance: 0.0000
2025-09-11 14:26:22,045 - ChromaThink.Questions - INFO -   Word: 'word_539', Prob: 0.9855, Resonance: 0.0000
2025-09-11 14:26:22,047 - ChromaThink.Bootstrap - WARNING - Memory recall failed: 'ChromaticMemory' object has no attribute 'recall'
2025-09-11 14:26:22,047 - ChromaThink.Bootstrap - INFO - Bootstrap complete!
2025-09-11 14:26:22,047 - Main - INFO - 
Bootstrap Results:
2025-09-11 14:26:22,047 - Main - INFO -   vocabulary_transfer: success
2025-09-11 14:26:22,047 - Main - INFO -   attention_transfer: success
2025-09-11 14:26:22,047 - Main - INFO -   transformation_transfer: success
2025-09-11 14:26:22,047 - Main - INFO -   memory_creation: success
2025-09-11 14:26:22,047 - Main - INFO -   bootstrap_test: {'question_formation': {'status': 'success', 'question_type': 'how', 'has_rendering': True}, 'memory_recall': {'status': 'error', 'error': "'ChromaticMemory' object has no attribute 'recall'"}, 'thought_evolution': {'status': 'skipped', 'reason': 'no_think_method'}, 'overall_status': 'success'}
2025-09-11 14:26:22,047 - Main - INFO -   success: True
2025-09-11 14:26:22,047 - Main - INFO - 
==================================================
2025-09-11 14:26:22,047 - Main - INFO - POST-BOOTSTRAP ANALYSIS
2025-09-11 14:26:22,047 - Main - INFO - ==================================================
2025-09-11 14:26:22,047 - ChromaThink.Questions - INFO - ==================================================
2025-09-11 14:26:22,047 - ChromaThink.Questions - INFO - TRACING QUESTION FORMATION
2025-09-11 14:26:22,047 - ChromaThink.Questions - INFO - ==================================================
2025-09-11 14:26:22,049 - ChromaThink.Questions - INFO - Generated random wonder state
2025-09-11 14:26:22,049 - ChromaThink.Questions - INFO - 
Initial colour state:
2025-09-11 14:26:22,049 - ChromaThink.Questions - INFO -   Shape: (1, 128)
2025-09-11 14:26:22,049 - ChromaThink.Questions - INFO -   Dominant frequencies: [84 83 85 10  9]
2025-09-11 14:26:22,049 - ChromaThink.Questions - INFO -   Amplitude range: [0.0005, 2.2852]
2025-09-11 14:26:22,049 - ChromaThink.Questions - INFO -   Phase distribution: mean=1.3008, std=1.5474
2025-09-11 14:26:22,049 - ChromaThink.Questions - INFO -   Spectral entropy: 4.4781
2025-09-11 14:26:22,049 - ChromaThink.Questions - INFO -   Magnitude: 8.7782
2025-09-11 14:26:22,054 - ChromaThink.Questions - INFO - 
Question colour pattern:
2025-09-11 14:26:22,054 - ChromaThink.Questions - INFO -   Shape: (1, 1, 128)
2025-09-11 14:26:22,054 - ChromaThink.Questions - INFO -   Dominant frequencies: [85 84 10 83 82]
2025-09-11 14:26:22,054 - ChromaThink.Questions - INFO -   Amplitude range: [0.0121, 2.6887]
2025-09-11 14:26:22,054 - ChromaThink.Questions - INFO -   Phase distribution: mean=-0.2625, std=1.6075
2025-09-11 14:26:22,054 - ChromaThink.Questions - INFO -   Spectral entropy: 4.6033
2025-09-11 14:26:22,054 - ChromaThink.Questions - INFO -   Magnitude: 9.6499
2025-09-11 14:26:22,054 - ChromaThink.Questions - INFO - Detected question type: how
2025-09-11 14:26:22,054 - ChromaThink.Questions - INFO - Direct rendering: How do these elements relate?
2025-09-11 14:26:22,054 - ChromaThink.Questions - INFO - 
Analysing colour-to-word mapping:
2025-09-11 14:26:22,054 - ChromaThink.Questions - INFO -   Word: 'word_247', Prob: 0.9996, Resonance: 0.0000
2025-09-11 14:26:22,055 - ChromaThink.Questions - INFO -   Word: 'word_970', Prob: 0.9964, Resonance: 0.0000
2025-09-11 14:26:22,055 - ChromaThink.Questions - INFO -   Word: 'word_392', Prob: 0.9957, Resonance: 0.0000
2025-09-11 14:26:22,055 - ChromaThink.Questions - INFO -   Word: 'word_412', Prob: 0.9954, Resonance: 0.0000
2025-09-11 14:26:22,055 - ChromaThink.Questions - INFO -   Word: 'word_599', Prob: 0.9939, Resonance: 0.0000
2025-09-11 14:26:22,055 - ChromaThink.Questions - INFO -   Word: 'word_561', Prob: 0.9928, Resonance: 0.0000
2025-09-11 14:26:22,056 - ChromaThink.Questions - INFO -   Word: 'word_678', Prob: 0.9909, Resonance: 0.0000
2025-09-11 14:26:22,056 - ChromaThink.Questions - INFO -   Word: 'word_226', Prob: 0.9901, Resonance: 0.0000
2025-09-11 14:26:22,056 - ChromaThink.Questions - INFO -   Word: 'word_217', Prob: 0.9901, Resonance: 0.0000
2025-09-11 14:26:22,056 - ChromaThink.Questions - INFO -   Word: 'word_870', Prob: 0.9899, Resonance: 0.0000
2025-09-11 14:26:22,056 - Main - INFO - 
==================================================
2025-09-11 14:26:22,056 - Main - INFO - BOOTSTRAP COMPARISON
2025-09-11 14:26:22,056 - Main - INFO - ==================================================
2025-09-11 14:26:22,056 - Main - INFO - Pre-bootstrap question:
2025-09-11 14:26:22,056 - Main - INFO -   Type: how
2025-09-11 14:26:22,056 - Main - INFO -   direct: How can I understand this better?...
2025-09-11 14:26:22,056 - Main - INFO - 
Post-bootstrap question:
2025-09-11 14:26:22,056 - Main - INFO -   Type: how
2025-09-11 14:26:22,056 - Main - INFO -   direct: How do these elements relate?...
2025-09-11 14:26:22,056 - Main - INFO - 
==================================================
2025-09-11 14:26:22,056 - Main - INFO - TESTING LEARNING CAPABILITY
2025-09-11 14:26:22,056 - Main - INFO - ==================================================
2025-09-11 14:26:22,589 - Main - INFO - Successfully completed learning session with 3 exchanges
2025-09-11 14:26:22,589 - Main - ERROR - Learning session failed: 'DevelopmentalLearningMinimal' object has no attribute 'get_development_metrics'
2025-09-11 14:26:22,589 - Main - WARNING - Could not save model: 'DevelopmentalLearningMinimal' object has no attribute 'save_development_state'
2025-09-11 14:26:23,752 - Demo - INFO - 
✅ Bootstrap Demo Completed Successfully!
2025-09-11 14:26:23,752 - Demo - INFO - 
🧠 Testing Bootstrapped ChromaThink:
2025-09-11 14:26:23,755 - Demo - INFO - Generated wonder state with magnitude: 1.6027
2025-09-11 14:26:23,760 - Demo - INFO - Formulated question of type: how
2025-09-11 14:26:23,760 - Demo - INFO - Memory system contains: 3 episodic memories
